Create and configure controller...
Launching controller's main loop...
New device connected...
Initialize switch
enter fill_cache_table function.
adding ternary 1.
adding ternary 2.
adding ternary 3.
adding ternary 4.
adding ternary 5.
adding ternary 6.
adding ternary 7.
adding ternary 8.
adding ternary 9.
adding ternary 10.
adding ternary 11.
adding ternary 12.
adding ternary 12.1
adding ternary 12.2
adding middle.
adding ap 1.
adding ap 2.
adding ap 3.
adding ap 4.
adding ap 5.
adding ap 6.
adding ap 7.
adding ap 8.
adding ap 8.1
adding ap 8.2
adding ap 9.
adding ap 10.
adding ap 11.
start to send p4 message.
New device connected...
Initialize switch
enter fill_cache_table function.
adding ternary 1.
adding ternary 2.
adding ternary 3.
adding ternary 4.
adding ternary 5.
adding ternary 6.
adding ternary 7.
adding ternary 8.
adding ternary 9.
adding ternary 10.
adding ternary 11.
adding ternary 12.
adding ternary 12.1
adding ternary 12.2
adding middle.
adding ap 1.
adding ap 2.
adding ap 3.
adding ap 4.
adding ap 5.
adding ap 6.
adding ap 7.
adding ap 8.
adding ap 8.1
adding ap 8.2
adding ap 9.
adding ap 10.
adding ap 11.
start to send p4 message.
New device connected...
Initialize switch
enter fill_cache_table function.
adding ternary 1.
adding ternary 2.
adding ternary 3.
adding ternary 4.
adding ternary 5.
adding ternary 6.
adding ternary 7.
adding ternary 8.
adding ternary 9.
adding ternary 10.
adding ternary 11.
adding ternary 12.
adding ternary 12.1
adding ternary 12.2
adding middle.
adding ap 1.
adding ap 2.
adding ap 3.
adding ap 4.
adding ap 5.
adding ap 6.
adding ap 7.
adding ap 8.
adding ap 8.1
adding ap 8.2
adding ap 9.
adding ap 10.
adding ap 11.
start to send p4 message.
Unknown digest received
Unknown digest received
Unknown digest received
Unknown digest received
New device connected...
Initialize switch
enter fill_cache_table function.
adding ternary 1.
adding ternary 2.
adding ternary 3.
adding ternary 4.
adding ternary 5.
adding ternary 6.
adding ternary 7.
adding ternary 8.
adding ternary 9.
adding ternary 10.
adding ternary 11.
adding ternary 12.
adding ternary 12.1
adding ternary 12.2
adding middle.
adding ap 1.
adding ap 2.
adding ap 3.
adding ap 4.
adding ap 5.
adding ap 6.
adding ap 7.
adding ap 8.
adding ap 8.1
adding ap 8.2
adding ap 9.
adding ap 10.
adding ap 11.
start to send p4 message.
Unknown digest received
Unknown digest received
Unknown digest received
Unknown digest received
Unknown digest received
